<?xml version="1.0" encoding="UTF-8"?>
<!-- Generated by org.testng.reporters.JUnitReportReporter -->
<testsuite hostname="HIJ-LP320" failures="0" tests="1" name="swiggy_TestPages.RegistorOnSwiggy" time="0.007" errors="0" timestamp="2024-12-08T02:15:49 IST" skipped="0">
  <testcase classname="swiggy_TestPages.RegistorOnSwiggy" name="validateRegistration" time="0.007"/>
  <system-out/>
</testsuite> <!-- swiggy_TestPages.RegistorOnSwiggy -->
